Fri Oct 12 11:50:17 UTC 2018 
Fri Oct 12 11:50:28 UTC 2018 
Fri Oct 12 11:55:52 UTC 2018 
Fri Oct 12 11:56:02 UTC 2018 
/Users/richard/scripts/loglabreports.sh: line 4: syntax error near unexpected token `echo'
/Users/richard/scripts/loglabreports.sh: line 4: `	echo $(date -u) "$f" >> /Users/richard/scripts/labresults.log'
/Users/richard/scripts/loglabreports.sh: line 4: syntax error near unexpected token `echo'
/Users/richard/scripts/loglabreports.sh: line 4: `	echo $(date -u) "$f" >> /Users/richard/scripts/labresults.log'
/Users/richard/scripts/loglabreports.sh: line 4: syntax error near unexpected token `echo'
/Users/richard/scripts/loglabreports.sh: line 4: `	echo $(date -u) "$f"'
/Users/richard/scripts/loglabreports.sh: line 4: syntax error near unexpected token `echo'
/Users/richard/scripts/loglabreports.sh: line 4: `	echo $(date -u) "$f"'
/Users/richard/scripts/loglabreports.sh: line 4: syntax error near unexpected token `echo'
/Users/richard/scripts/loglabreports.sh: line 4: `	echo $(date -u) "$f"'
/Users/richard/scripts/loglabreports.sh: line 4: syntax error near unexpected token `echo'
/Users/richard/scripts/loglabreports.sh: line 4: `	echo $(date -u) "$f"'
/Users/richard/scripts/loglabreports.sh: line 4: syntax error near unexpected token `echo'
/Users/richard/scripts/loglabreports.sh: line 4: `	echo $(date -u) "$f"'
/Users/richard/scripts/loglabreports.sh: line 4: syntax error near unexpected token `echo'
/Users/richard/scripts/loglabreports.sh: line 4: `	echo $(date -u) "$f"'
Fri Oct 12 12:02:36 UTC 2018
Fri Oct 12 12:02:46 UTC 2018
Fri Oct 12 12:03:09 UTC 2018 DONE
Fri Oct 12 12:03:19 UTC 2018 DONE
Fri Oct 12 12:36:10 UTC 2018 DONE
Fri Oct 12 12:36:21 UTC 2018 DONE
Fri Oct 12 12:42:01 UTC 2018 DONE
Fri Oct 12 12:42:11 UTC 2018 DONE
Fri Oct 12 12:43:01 UTC 2018 /Users/richard/scripts/loglabreports.sh
Fri Oct 12 12:43:11 UTC 2018 /Users/richard/scripts/loglabreports.sh
Fri Oct 12 12:43:22 UTC 2018
Fri Oct 12 12:43:32 UTC 2018
Mon Oct 15 13:08:21 UTC 2018
Mon Oct 15 13:08:32 UTC 2018
